build/app/outputs/mapping/release/seeds.txt
com.example.proyectosig.MainActivity
com.example.proyectosig.MainActivity: MainActivity()
...
io.flutter.plugin.editing.ImeSyncDeferringInsetsCallback$AnimationCallback: android.view.WindowInsets onProgress(android.view.WindowInsets,java.util.List)
androidx.lifecycle.Lifecycle$Event: androidx.lifecycle.Lifecycle$Event ON_START
io.flutter.plugin.editing.ImeSyncDeferringInsetsCallback$AnimationCallback: io.flutter.plugin.editing.ImeSyncDeferringInsetsCallback this$0
androidx.fragment.app.BackStackState: android.os.Parcelable$Creator CREATOR
io.flutter.embedding.engine.mutatorsstack.FlutterMutatorsStack: java.util.List getMutators()
io.flutter.view.AccessibilityViewEmbedder: void setFlutterNodesTranslateBounds(android.view.accessibility.AccessibilityNodeInfo,android.graphics.Rect,android.view.accessibility.AccessibilityNodeInfo)
io.flutter.plugin.platform.SingleViewPresentation: android.content.Context outerContext
com.google.android.gms.common.api.internal.LifecycleCallback: com.google.android.gms.common.api.internal.LifecycleFragment getChimeraLifecycleFragmentImpl(com.google.android.gms.common.api.internal.LifecycleActivity)
io.flutter.plugin.editing.ImeSyncDeferringInsetsCallback: boolean access$200(io.flutter.plugin.editing.ImeSyncDeferringInsetsCallback)
io.flutter.embedding.engine.FlutterJNI: java.util.Set engineLifecycleListeners
io.flutter.embedding.engine.systemchannels.PlatformChannel$SystemUiMode: io.flutter.embedding.engine.systemchannels.PlatformChannel$SystemUiMode[] values()
io.flutter.embedding.engine.FlutterJNI: void attachToNative()
io.flutter.plugins.GeneratedPluginRegistrant: void registerWith(io.flutter.embedding.engine.FlutterEngine)
androidx.lifecycle.ReportFragment$LifecycleCallbacks: void onActivityPreStopped(android.app.Activity)
androidx.core.app.CoreComponentFactory
io.flutter.embedding.engine.FlutterJNI: io.flutter.plugin.localization.LocalizationPlugin localizationPlugin
androidx.fragment.app.Fragment$2
io.flutter.embedding.engine.FlutterJNI: void nativeDispatchPointerDataPacket(long,java.nio.ByteBuffer,int)
io.flutter.embedding.engine.FlutterJNI: io.flutter.view.FlutterCallbackInformation nativeLookupCallbackInformation(long)
com.google.android.gms.maps.model.PolylineOptions: android.os.Parcelable$Creator CREATOR
io.flutter.embedding.engine.FlutterJNI: void setAccessibilityFeatures(int)
io.flutter.embedding.engine.renderer.SurfaceTextureWrapper: void getTransformMatrix(float[])
io.flutter.view.AccessibilityViewEmbedder: AccessibilityViewEmbedder(android.view.View,int)
com.google.android.gms.signin.internal.zaj: android.os.Parcelable$Creator CREATOR
androidx.lifecycle.ReportFragment$LifecycleCallbacks: void onActivityPostCreated(android.app.Activity,android.os.Bundle)
io.flutter.embedding.engine.systemchannels.PlatformChannel$SoundType: io.flutter.embedding.engine.systemchannels.PlatformChannel$SoundType valueOf(java.lang.String)
com.google.android.gms.internal.location.zzm: android.os.Parcelable$Creator CREATOR
io.flutter.plugin.editing.ImeSyncDeferringInsetsCallback$AnimationCallback: void onPrepare(android.view.WindowInsetsAnimation)
io.flutter.plugin.editing.ImeSyncDeferringInsetsCallback: android.view.View access$602(io.flutter.plugin.editing.ImeSyncDeferringInsetsCallback,android.view.View)
io.flutter.embedding.engine.mutatorsstack.FlutterMutatorsStack: java.util.List getFinalClippingPaths()
androidx.lifecycle.ReportFragment$LifecycleCallbacks: void onActivityPostResumed(android.app.Activity)
io.flutter.embedding.engine.renderer.SurfaceTextureWrapper: void release()
io.flutter.view.AccessibilityBridge$StringAttributeType: io.flutter.view.AccessibilityBridge$StringAttributeType valueOf(java.lang.String)
io.flutter.embedding.android.FlutterSplashView$SavedState: java.lang.String previousCompletedSplashIsolate
androidx.lifecycle.ReportFragment$LifecycleCallbacks: void onActivityPaused(android.app.Activity)
io.flutter.embedding.engine.mutatorsstack.FlutterMutatorsStack: android.graphics.Matrix finalMatrix
androidx.core.app.RemoteActionCompat