build/app/outputs/mapping/release/mapping.txt
# compiler: R8
# compiler_version: 2.1.62
# min_api: 21
# pg_map_id: 0136095
# common_typos_disable
...
io.flutter.embedding.engine.dart.DartMessenger$DartMessengerTaskQueue -> io.flutter.embedding.engine.f.c$b:
    void dispatch(java.lang.Runnable) -> a
io.flutter.embedding.engine.dart.DartMessenger$DefaultTaskQueueFactory -> io.flutter.embedding.engine.f.c$c:
io.flutter.embedding.engine.dart.DartMessenger$HandlerInfo -> io.flutter.embedding.engine.f.c$d:
    io.flutter.plugin.common.BinaryMessenger$BinaryMessageHandler handler -> a
    io.flutter.embedding.engine.dart.DartMessenger$DartMessengerTaskQueue taskQueue -> b
io.flutter.embedding.engine.dart.DartMessenger$Reply -> io.flutter.embedding.engine.f.c$e:
    io.flutter.embedding.engine.FlutterJNI flutterJNI -> a
    java.util.concurrent.atomic.AtomicBoolean done -> c
    int replyId -> b
    void reply(java.nio.ByteBuffer) -> a
io.flutter.embedding.engine.dart.DartMessenger$TaskQueueFactory -> io.flutter.embedding.engine.f.c$f:
io.flutter.embedding.engine.dart.PlatformMessageHandler -> io.flutter.embedding.engine.f.d:
    void handleMessageFromDart(java.lang.String,java.nio.ByteBuffer,int,long) -> b
    void handlePlatformMessageResponse(int,java.nio.ByteBuffer) -> f
io.flutter.embedding.engine.dart.PlatformTaskQueue -> io.flutter.embedding.engine.f.e:
    android.os.Handler handler -> a
    void dispatch(java.lang.Runnable) -> a
io.flutter.embedding.engine.deferredcomponents.DeferredComponentManager -> io.flutter.embedding.engine.g.a:
    java.lang.String getDeferredComponentInstallState(int,java.lang.String) -> a
    void installDeferredComponent(int,java.lang.String) -> b
    boolean uninstallDeferredComponent(int,java.lang.String) -> c
    void destroy() -> d
    void setJNI(io.flutter.embedding.engine.FlutterJNI) -> e
    void setDeferredComponentChannel(io.flutter.embedding.engine.systemchannels.DeferredComponentChannel) -> f
io.flutter.embedding.engine.loader.-$$Lambda$FlutterLoader$1$7aDWRJH5QhLJRySlof0NX61HOhE -> io.flutter.embedding.engine.h.a:
    io.flutter.embedding.engine.loader.FlutterLoader$1 f$0 -> a
io.flutter.embedding.engine.loader.ApplicationInfoLoader -> io.flutter.embedding.engine.h.b:
    java.lang.String PUBLIC_AOT_SHARED_LIBRARY_NAME -> a
    java.lang.String PUBLIC_ISOLATE_SNAPSHOT_DATA_KEY -> c
    java.lang.String PUBLIC_VM_SNAPSHOT_DATA_KEY -> b
    java.lang.String PUBLIC_FLUTTER_ASSETS_DIR_KEY -> d
    android.content.pm.ApplicationInfo getApplicationInfo(android.content.Context) -> a
    boolean getBoolean(android.os.Bundle,java.lang.String,boolean) -> b
    java.lang.String getNetworkPolicy(android.content.pm.ApplicationInfo,android.content.Context) -> c
    java.lang.String getString(android.os.Bundle,java.lang.String) -> d
    io.flutter.embedding.engine.loader.FlutterApplicationInfo load(android.content.Context) -> e
    void parseDomain(android.content.res.XmlResourceParser,org.json.JSONArray,boolean) -> f
    void parseDomainConfig(android.content.res.XmlResourceParser,org.json.JSONArray,boolean) -> g
    void skipTag(android.content.res.XmlResourceParser) -> h
io.flutter.embedding.engine.loader.FlutterApplicationInfo -> io.flutter.embedding.engine.h.c:
    boolean automaticallyRegisterPlugins -> e
    java.lang.String aotSharedLibraryName -> a
    java.lang.String domainNetworkPolicy -> c
    java.lang.String flutterAssetsDir -> b
    java.lang.String nativeLibraryDir -> d