build/app/outputs/mapping/release/usage.txt
com.example.proyectosig.R$styleable
com.example.proyectosig.R$integer
com.example.proyectosig.BuildConfig
com.example.proyectosig.R$drawable
com.example.proyectosig.R$id
com.example.proyectosig.R
com.example.proyectosig.R$color
com.example.proyectosig.R$style
com.example.proyectosig.R$dimen
com.example.proyectosig.R$mipmap
com.example.proyectosig.R$attr
com.example.proyectosig.R$string
com.example.proyectosig.R$layout
...
androidx.core.view.WindowInsetsAnimationCompat$Impl21
kotlin.jvm.internal.PropertyReference
androidx.versionedparcelable.VersionedParcel$1
kotlin.io.FilesKt__UtilsKt$copyRecursively$1
kotlin.jvm.internal.DoubleSpreadBuilder
androidx.core.provider.FontRequestWorker$3
androidx.core.app.ActivityOptionsCompat$ActivityOptionsCompatImpl
kotlin.math.Constants
org.intellij.lang.annotations.Language
kotlin.jvm.internal.ArrayDoubleIterator
com.google.android.gms.common.images.zae
kotlin.ranges.RangesKt
androidx.versionedparcelable.NonParcelField
kotlin.random.FallbackThreadLocalRandom$implStorage$1
androidx.core.view.GravityCompat
com.google.android.gms.common.api.internal.zaap
kotlin.reflect.KMutableProperty$Setter
kotlin.sequences.SequencesKt___SequencesKt$zip$1
com.google.android.gms.common.server.response.SafeParcelResponse
androidx.tracing.TraceApi18Impl:
    private void <init>()
androidx.annotation.InspectableProperty$ValueType
kotlin.coroutines.intrinsics.IntrinsicsKt__IntrinsicsJvmKt$createCoroutineUnintercepted$$inlined$createCoroutineFromSuspendFunction$IntrinsicsKt__IntrinsicsJvmKt$3
com.google.android.gms.common.internal.service.zaa
kotlin.coroutines.experimental.CoroutineContext$Element$DefaultImpls
com.google.android.gms.common.api.internal.BaseImplementation$ApiMethodImpl:
    protected void <init>(com.google.android.gms.common.api.Api$AnyClientKey,com.google.android.gms.common.api.GoogleApiClient)
    protected void <init>(com.google.android.gms.common.api.internal.BasePendingResult$CallbackHandler)
    public final com.google.android.gms.common.api.Api$AnyClientKey getClientKey()
    public final com.google.android.gms.common.api.Api getApi()
kotlin.random.Random$Companion
kotlin.properties.ReadOnlyProperty
com.google.android.gms.actions.SearchIntents
com.baseflow.geolocator.R
kotlin.jvm.internal.ClassBasedDeclarationContainer
com.google.android.gms.internal.base.zal
androidx.core.view.WindowInsetsControllerCompat$Impl30$1
androidx.core.app.NotificationManagerCompat$NotifyTask
kotlin.jvm.internal.Ref$BooleanRef
com.google.android.gms.common.api.internal.OptionalPendingResultImpl
com.google.android.gms.common.api.internal.zat
io.flutter.embedding.android.FlutterSplashView:
    public void <init>(android.content.Context,android.util.AttributeSet)
com.google.android.gms.common.internal.safeparcel.SafeParcelable$Reserved
kotlin.sequences.SequencesKt__SequencesKt$flatten$1
androidx.core.view.NestedScrollingParent
androidx.fragment.app.ListFragment
kotlin.io.FileAlreadyExistsException
kotlin.io.NoSuchFileException
io.flutter.embedding.engine.plugins.lifecycle.FlutterLifecycleAdapter:
    public void <init>()
    private static final java.lang.String TAG
androidx.viewpager.R$dimen
io.flutter.app.FlutterApplication
androidx.core.content.ContextCompat$Api19Impl
com.google.android.gms.location.DetectedActivity
com.google.android.gms.maps.internal.IMapViewDelegate:
    public abstract com.google.android.gms.maps.internal.IGoogleMapDelegate getMap()
    public abstract void onPause()
    public abstract void onLowMemory()
    public abstract void onEnterAmbient(android.os.Bundle)
    public abstract void onExitAmbient()
org.intellij.lang.annotations.JdkConstants$TitledBorderJustification
androidx.loader.content.ModernAsyncTask
com.google.android.gms.tasks.zzq:
    public abstract void cancel()
androidx.core.view.WindowInsetsCompat$Api21ReflectionHolder
androidx.core.view.accessibility.AccessibilityManagerCompat$AccessibilityStateChangeListener
kotlin.jvm.JvmOverloads
kotlin.ranges.UIntRange
com.google.android.gms.internal.location.zza:
    protected final void transactOneway(int,android.os.Parcel)
com.google.android.gms.common.data.DataBufferObserver$Observable
kotlin.ranges.ClosedRange$DefaultImpls
androidx.core.view.WindowInsetsCompat$Impl21
androidx.core.content.res.GradientColorInflaterCompat$ColorStops
com.google.android.gms.common.internal.zad
kotlin.contracts.ExperimentalContracts
kotlin.StandardKt__StandardKt